  Finish.cpp
c:\users\harish bhagat\documents\games programming\year 2\object oriented design and development with c++\coursework\geared\project\geared\geared\Finish.h(8): fatal error C1083: Cannot open include file: 'SFML\Graphics\Text.hpp': No such file or directory
  Game.cpp
c:\users\harish bhagat\documents\games programming\year 2\object oriented design and development with c++\coursework\geared\project\geared\geared\Game.h(10): fatal error C1083: Cannot open include file: 'SFML/Graphics.hpp': No such file or directory
  Level.cpp
c:\users\harish bhagat\documents\games programming\year 2\object oriented design and development with c++\coursework\geared\project\geared\geared\Level.h(8): fatal error C1083: Cannot open include file: 'SFML\Audio\Sound.hpp': No such file or directory
  Menu.cpp
c:\users\harish bhagat\documents\games programming\year 2\object oriented design and development with c++\coursework\geared\project\geared\geared\Menu.h(9): fatal error C1083: Cannot open include file: 'SFML/Audio/Music.hpp': No such file or directory
  Screen.cpp
c:\users\harish bhagat\documents\games programming\year 2\object oriented design and development with c++\coursework\geared\project\geared\geared\Screen.h(8): fatal error C1083: Cannot open include file: 'SFML\Graphics\RenderWindow.hpp': No such file or directory
  TileMap.cpp
c:\users\harish bhagat\documents\games programming\year 2\object oriented design and development with c++\coursework\geared\project\geared\geared\TileMap.h(13): fatal error C1083: Cannot open include file: 'SFML/Graphics/RenderWindow.hpp': No such file or directory
  Main.cpp
Main.cpp(10): fatal error C1083: Cannot open include file: 'SFML/Graphics.hpp': No such file or directory
  GameObject.cpp
c:\users\harish bhagat\documents\games programming\year 2\object oriented design and development with c++\coursework\geared\project\geared\geared\GameObject.h(7): fatal error C1083: Cannot open include file: 'SFML/Graphics.hpp': No such file or directory
  MoveableObject.cpp
c:\users\harish bhagat\documents\games programming\year 2\object oriented design and development with c++\coursework\geared\project\geared\geared\GameObject.h(7): fatal error C1083: Cannot open include file: 'SFML/Graphics.hpp': No such file or directory
  Collision2D.cpp
c:\users\harish bhagat\documents\games programming\year 2\object oriented design and development with c++\coursework\geared\project\geared\geared\Collision2D.h(16): fatal error C1083: Cannot open include file: 'SFML\Graphics\RenderWindow.hpp': No such file or directory
  Vehicle.cpp
c:\users\harish bhagat\documents\games programming\year 2\object oriented design and development with c++\coursework\geared\project\geared\geared\GameObject.h(7): fatal error C1083: Cannot open include file: 'SFML/Graphics.hpp': No such file or directory
